<?xml version="1.0" encoding="UTF-8"?>
<!-- Generated by org.testng.reporters.JUnitXMLReporter -->
<testsuite hostname="DESKTOP-EOII60T" ignored="0" name="Default test" tests="25" failures="0" timestamp="2021-05-23T13:39:04 IST" time="85.72" errors="0">
  <testcase name="gethealthmenu" time="1.153" classname="testcases.HealthInsurancelist"/>
  <testcase name="close" time="4.699" classname="testcases.HealthInsurancelist"/>
  <testcase name="opentravelinsurancepage" time="6.175" classname="testcases.TravelInsuranceDetails"/>
  <testcase name="student" time="0.671" classname="testcases.TravelInsuranceDetails"/>
  <testcase name="dest" time="1.617" classname="testcases.TravelInsuranceDetails"/>
  <testcase name="age" time="0.532" classname="testcases.TravelInsuranceDetails"/>
  <testcase name="start" time="1.014" classname="testcases.TravelInsuranceDetails"/>
  <testcase name="click" time="0.213" classname="testcases.TravelInsuranceDetails"/>
  <testcase name="fill" time="1.608" classname="testcases.TravelInsuranceDetails"/>
  <testcase name="sort" time="6.248" classname="testcases.TravelInsuranceDetails"/>
  <testcase name="productdetails" time="0.664" classname="testcases.TravelInsuranceDetails"/>
  <testcase name="close" time="0.109" classname="testcases.TravelInsuranceDetails"/>
  <testcase name="writeproducts" time="0.468" classname="util.WriteExcel"/>
  <testcase name="clickcarbutton" time="0.521" classname="testcases.CarInsuranceErrorMessage"/>
  <testcase name="proceed" time="1.386" classname="testcases.CarInsuranceErrorMessage"/>
  <testcase name="city" time="0.454" classname="testcases.CarInsuranceErrorMessage"/>
  <testcase name="carbrand" time="0.428" classname="testcases.CarInsuranceErrorMessage"/>
  <testcase name="carmodel" time="0.29" classname="testcases.CarInsuranceErrorMessage"/>
  <testcase name="type" time="0.442" classname="testcases.CarInsuranceErrorMessage"/>
  <testcase name="varient" time="0.355" classname="testcases.CarInsuranceErrorMessage"/>
  <testcase name="year" time="0.17" classname="testcases.CarInsuranceErrorMessage"/>
  <testcase name="filldetails" time="1.692" classname="testcases.CarInsuranceErrorMessage"/>
  <testcase name="screenshot" time="0.808" classname="testcases.CarInsuranceErrorMessage"/>
  <testcase name="close" time="0.238" classname="testcases.CarInsuranceErrorMessage"/>
  <testcase name="healthlist" time="0.05" classname="util.Writehealthlist"/>
</testsuite> <!-- Default test -->
