<?xml version="1.0" encoding="UTF-8"?>
<!-- Generated by org.testng.reporters.JUnitXMLReporter -->
<testsuite hostname="DESKTOP-EOII60T" ignored="0" name="Test" tests="23" failures="0" timestamp="2021-05-23T09:21:39 IST" time="123.295" errors="0">
  <testcase name="opentravelinsurancepage" time="0.836" classname="testcases.TravelInsuranceDetails"/>
  <testcase name="student" time="1.604" classname="testcases.TravelInsuranceDetails"/>
  <testcase name="dest" time="0.638" classname="testcases.TravelInsuranceDetails"/>
  <testcase name="age" time="0.523" classname="testcases.TravelInsuranceDetails"/>
  <testcase name="start" time="0.813" classname="testcases.TravelInsuranceDetails"/>
  <testcase name="click" time="0.24" classname="testcases.TravelInsuranceDetails"/>
  <testcase name="fill" time="1.501" classname="testcases.TravelInsuranceDetails"/>
  <testcase name="sort" time="5.385" classname="testcases.TravelInsuranceDetails"/>
  <testcase name="productdetails" time="0.195" classname="testcases.TravelInsuranceDetails"/>
  <testcase name="close" time="2.024" classname="testcases.TravelInsuranceDetails"/>
  <testcase name="clickcarbutton" time="0.286" classname="testcases.CarInsuranceErrorMessage"/>
  <testcase name="proceed" time="0.829" classname="testcases.CarInsuranceErrorMessage"/>
  <testcase name="city" time="0.575" classname="testcases.CarInsuranceErrorMessage"/>
  <testcase name="carbrand" time="0.46" classname="testcases.CarInsuranceErrorMessage"/>
  <testcase name="carmodel" time="0.323" classname="testcases.CarInsuranceErrorMessage"/>
  <testcase name="type" time="0.354" classname="testcases.CarInsuranceErrorMessage"/>
  <testcase name="varient" time="0.3" classname="testcases.CarInsuranceErrorMessage"/>
  <testcase name="year" time="0.255" classname="testcases.CarInsuranceErrorMessage"/>
  <testcase name="filldetails" time="1.017" classname="testcases.CarInsuranceErrorMessage"/>
  <testcase name="screenshot" time="0.303" classname="testcases.CarInsuranceErrorMessage"/>
  <testcase name="close" time="6.214" classname="testcases.CarInsuranceErrorMessage"/>
  <testcase name="gethealthmenu" time="0.947" classname="testcases.HealthInsurancelist"/>
  <testcase name="close" time="5.598" classname="testcases.HealthInsurancelist"/>
</testsuite> <!-- Test -->
